2024-07-11 05:14:52,072 - INFO - Music link for query 'Halo Beyonce': https://www.youtube.com/watch?v=bnVUHWCynig
2024-07-11 05:15:01,385 - ERROR - Exception on /api/v1/user/music/download [POST]
Traceback (most recent call last):
  File "/home/johnmkagunda/.local/lib/python3.10/site-packages/pytube/__main__.py", line 181, in fmt_streams
    extract.apply_signature(stream_manifest, self.vid_info, self.js)
  File "/home/johnmkagunda/.local/lib/python3.10/site-packages/pytube/extract.py", line 409, in apply_signature
    cipher = Cipher(js=js)
  File "/home/johnmkagunda/.local/lib/python3.10/site-packages/pytube/cipher.py", line 43, in __init__
    self.throttling_plan = get_throttling_plan(js)
  File "/home/johnmkagunda/.local/lib/python3.10/site-packages/pytube/cipher.py", line 405, in get_throttling_plan
    raw_code = get_throttling_function_code(js)
  File "/home/johnmkagunda/.local/lib/python3.10/site-packages/pytube/cipher.py", line 311, in get_throttling_function_code
    name = re.escape(get_throttling_function_name(js))
  File "/home/johnmkagunda/.local/lib/python3.10/site-packages/pytube/cipher.py", line 296, in get_throttling_function_name
    raise RegexMatchError(
pytube.exceptions.RegexMatchError: get_throttling_function_name: could not find match for multiple

During handling of the above exception, another exception occurred:

Traceback (most recent call last):
  File "/home/johnmkagunda/.local/lib/python3.10/site-packages/flask/app.py", line 1473, in wsgi_app
    response = self.full_dispatch_request()
  File "/home/johnmkagunda/.local/lib/python3.10/site-packages/flask/app.py", line 882, in full_dispatch_request
    rv = self.handle_user_exception(e)
  File "/home/johnmkagunda/.local/lib/python3.10/site-packages/flask_cors/extension.py", line 161, in wrapped_function
    return cors_after_request(app.make_response(f(*args, **kwargs)))
  File "/home/johnmkagunda/.local/lib/python3.10/site-packages/flask/app.py", line 880, in full_dispatch_request
    rv = self.dispatch_request()
  File "/home/johnmkagunda/.local/lib/python3.10/site-packages/flask/app.py", line 865, in dispatch_request
    return self.ensure_sync(self.view_functions[rule.endpoint])(**view_args)  # type: ignore[no-any-return]
  File "/home/johnmkagunda/repositories/Portfolio-website/backend/user/api/v1/views/recommendations_download.py", line 31, in download_music
    audio_stream = yt.streams.filter(only_audio=True).first()
  File "/home/johnmkagunda/.local/lib/python3.10/site-packages/pytube/__main__.py", line 296, in streams
    return StreamQuery(self.fmt_streams)
  File "/home/johnmkagunda/.local/lib/python3.10/site-packages/pytube/__main__.py", line 188, in fmt_streams
    extract.apply_signature(stream_manifest, self.vid_info, self.js)
  File "/home/johnmkagunda/.local/lib/python3.10/site-packages/pytube/extract.py", line 409, in apply_signature
    cipher = Cipher(js=js)
  File "/home/johnmkagunda/.local/lib/python3.10/site-packages/pytube/cipher.py", line 43, in __init__
    self.throttling_plan = get_throttling_plan(js)
  File "/home/johnmkagunda/.local/lib/python3.10/site-packages/pytube/cipher.py", line 405, in get_throttling_plan
    raw_code = get_throttling_function_code(js)
  File "/home/johnmkagunda/.local/lib/python3.10/site-packages/pytube/cipher.py", line 311, in get_throttling_function_code
    name = re.escape(get_throttling_function_name(js))
  File "/home/johnmkagunda/.local/lib/python3.10/site-packages/pytube/cipher.py", line 296, in get_throttling_function_name
    raise RegexMatchError(
pytube.exceptions.RegexMatchError: get_throttling_function_name: could not find match for multiple
