2024-06-12 16:26:51,094 - INFO - file_cache is only supported with oauth2client<4.0.0
2024-06-12 16:27:45,880 - INFO - file_cache is only supported with oauth2client<4.0.0
2024-06-12 16:28:44,999 - INFO - file_cache is only supported with oauth2client<4.0.0
2024-06-12 16:31:36,681 - INFO - [31m[1mWARNING: This is a development server. Do not use it in a production deployment. Use a production WSGI server instead.[0m
 * Running on http://localhost:5000
2024-06-12 16:31:36,681 - INFO - [33mPress CTRL+C to quit[0m
2024-06-12 16:34:07,033 - INFO - [31m[1mWARNING: This is a development server. Do not use it in a production deployment. Use a production WSGI server instead.[0m
 * Running on http://localhost:5000
2024-06-12 16:34:07,033 - INFO - [33mPress CTRL+C to quit[0m
2024-06-12 16:35:37,673 - INFO - 127.0.0.1 - - [12/Jun/2024 16:35:37] "[31m[1mPOST / HTTP/1.1[0m" 405 -
2024-06-12 16:35:49,441 - INFO - 127.0.0.1 - - [12/Jun/2024 16:35:49] "[31m[1mPOST / HTTP/1.1[0m" 405 -
2024-06-12 16:36:17,761 - INFO - 127.0.0.1 - - [12/Jun/2024 16:36:17] "POST /api/v1/user/book/download HTTP/1.1" 200 -
2024-06-12 16:37:16,535 - INFO - Page one successful.
2024-06-12 16:37:17,758 - INFO - Page two successful.
2024-06-12 16:37:17,760 - INFO - ====== WebDriver manager ======
2024-06-12 16:37:17,853 - INFO - Get LATEST chromedriver version for google-chrome
2024-06-12 16:37:18,705 - INFO - Get LATEST chromedriver version for google-chrome
2024-06-12 16:37:19,571 - INFO - Driver [/home/johnmkagunda/.wdm/drivers/chromedriver/linux64/126.0.6478.55/chromedriver-linux64/chromedriver] found in cache
2024-06-12 16:37:33,194 - INFO - Download completed.
2024-06-12 16:37:33,239 - INFO - Download Link: https://www.pdfdrive.com/download.pdf?id=162146986&h=b75bcf6803e72e63062886dbcd45a676&u=cache&ext=pdf
2024-06-12 16:37:33,307 - INFO - 127.0.0.1 - - [12/Jun/2024 16:37:33] "POST /api/v1/user/book/download HTTP/1.1" 200 -
2024-07-11 05:17:30,604 - INFO - [31m[1mWARNING: This is a development server. Do not use it in a production deployment. Use a production WSGI server instead.[0m
 * Running on http://localhost:5000
2024-07-11 05:17:30,645 - INFO - [33mPress CTRL+C to quit[0m
2024-07-11 05:17:44,617 - INFO - [31m[1mWARNING: This is a development server. Do not use it in a production deployment. Use a production WSGI server instead.[0m
 * Running on http://localhost:5000
2024-07-11 05:17:44,618 - INFO - [33mPress CTRL+C to quit[0m
2024-07-11 05:17:53,200 - INFO - Music link for query 'Halo Beyonce': https://www.youtube.com/watch?v=bnVUHWCynig
2024-07-11 05:18:03,407 - ERROR - Exception on /api/v1/user/music/download [POST]
Traceback (most recent call last):
  File "/home/johnmkagunda/.local/lib/python3.10/site-packages/pytube/__main__.py", line 181, in fmt_streams
    extract.apply_signature(stream_manifest, self.vid_info, self.js)
  File "/home/johnmkagunda/.local/lib/python3.10/site-packages/pytube/extract.py", line 409, in apply_signature
    cipher = Cipher(js=js)
  File "/home/johnmkagunda/.local/lib/python3.10/site-packages/pytube/cipher.py", line 43, in __init__
    self.throttling_plan = get_throttling_plan(js)
  File "/home/johnmkagunda/.local/lib/python3.10/site-packages/pytube/cipher.py", line 405, in get_throttling_plan
    raw_code = get_throttling_function_code(js)
  File "/home/johnmkagunda/.local/lib/python3.10/site-packages/pytube/cipher.py", line 311, in get_throttling_function_code
    name = re.escape(get_throttling_function_name(js))
  File "/home/johnmkagunda/.local/lib/python3.10/site-packages/pytube/cipher.py", line 296, in get_throttling_function_name
    raise RegexMatchError(
pytube.exceptions.RegexMatchError: get_throttling_function_name: could not find match for multiple

During handling of the above exception, another exception occurred:

Traceback (most recent call last):
  File "/home/johnmkagunda/.local/lib/python3.10/site-packages/flask/app.py", line 1473, in wsgi_app
    response = self.full_dispatch_request()
  File "/home/johnmkagunda/.local/lib/python3.10/site-packages/flask/app.py", line 882, in full_dispatch_request
    rv = self.handle_user_exception(e)
  File "/home/johnmkagunda/.local/lib/python3.10/site-packages/flask_cors/extension.py", line 161, in wrapped_function
    return cors_after_request(app.make_response(f(*args, **kwargs)))
  File "/home/johnmkagunda/.local/lib/python3.10/site-packages/flask/app.py", line 880, in full_dispatch_request
    rv = self.dispatch_request()
  File "/home/johnmkagunda/.local/lib/python3.10/site-packages/flask/app.py", line 865, in dispatch_request
    return self.ensure_sync(self.view_functions[rule.endpoint])(**view_args)  # type: ignore[no-any-return]
  File "/mnt/sdb1/repositories/Portfolio-website/backend/user/api/v1/views/recommendations_download.py", line 31, in download_music
    audio_stream = yt.streams.filter(only_audio=True).first()
  File "/home/johnmkagunda/.local/lib/python3.10/site-packages/pytube/__main__.py", line 296, in streams
    return StreamQuery(self.fmt_streams)
  File "/home/johnmkagunda/.local/lib/python3.10/site-packages/pytube/__main__.py", line 188, in fmt_streams
    extract.apply_signature(stream_manifest, self.vid_info, self.js)
  File "/home/johnmkagunda/.local/lib/python3.10/site-packages/pytube/extract.py", line 409, in apply_signature
    cipher = Cipher(js=js)
  File "/home/johnmkagunda/.local/lib/python3.10/site-packages/pytube/cipher.py", line 43, in __init__
    self.throttling_plan = get_throttling_plan(js)
  File "/home/johnmkagunda/.local/lib/python3.10/site-packages/pytube/cipher.py", line 405, in get_throttling_plan
    raw_code = get_throttling_function_code(js)
  File "/home/johnmkagunda/.local/lib/python3.10/site-packages/pytube/cipher.py", line 311, in get_throttling_function_code
    name = re.escape(get_throttling_function_name(js))
  File "/home/johnmkagunda/.local/lib/python3.10/site-packages/pytube/cipher.py", line 296, in get_throttling_function_name
    raise RegexMatchError(
pytube.exceptions.RegexMatchError: get_throttling_function_name: could not find match for multiple
2024-07-11 05:18:03,413 - INFO - 127.0.0.1 - - [11/Jul/2024 05:18:03] "[35m[1mPOST /api/v1/user/music/download HTTP/1.1[0m" 500 -
2024-07-11 05:18:51,693 - INFO - [31m[1mWARNING: This is a development server. Do not use it in a production deployment. Use a production WSGI server instead.[0m
 * Running on http://localhost:5000
2024-07-11 05:18:51,694 - INFO - [33mPress CTRL+C to quit[0m
2024-07-11 05:18:51,695 - INFO -  * Restarting with stat
2024-07-11 05:18:53,796 - WARNING -  * Debugger is active!
2024-07-11 05:18:54,021 - INFO -  * Debugger PIN: 395-314-336
2024-07-11 05:18:56,850 - INFO - Music link for query 'Halo Beyonce': https://www.youtube.com/watch?v=bnVUHWCynig
2024-07-11 05:19:06,984 - INFO - 127.0.0.1 - - [11/Jul/2024 05:19:06] "[35m[1mPOST /api/v1/user/music/download HTTP/1.1[0m" 500 -
2024-07-11 05:30:18,427 - INFO -  * Detected change in '/home/johnmkagunda/.local/lib/python3.10/site-packages/pip/_vendor/cachecontrol/__init__.py', reloading
2024-07-11 05:30:18,691 - INFO -  * Restarting with stat
2024-07-11 05:30:19,853 - WARNING -  * Debugger is active!
2024-07-11 05:30:19,854 - INFO -  * Debugger PIN: 395-314-336
2024-07-11 05:32:18,946 - INFO - [31m[1mWARNING: This is a development server. Do not use it in a production deployment. Use a production WSGI server instead.[0m
 * Running on http://localhost:5000
2024-07-11 05:32:18,946 - INFO - [33mPress CTRL+C to quit[0m
2024-07-11 05:32:18,947 - INFO -  * Restarting with stat
2024-07-11 05:32:20,164 - WARNING -  * Debugger is active!
2024-07-11 05:32:20,165 - INFO -  * Debugger PIN: 395-314-336
2024-07-11 05:32:48,584 - INFO - Music link for query 'Halo Beyonce': https://www.youtube.com/watch?v=bnVUHWCynig
2024-07-11 05:33:05,905 - INFO - 127.0.0.1 - - [11/Jul/2024 05:33:05] "[35m[1mPOST /api/v1/user/music/download HTTP/1.1[0m" 500 -
2024-07-11 05:38:27,495 - INFO -  * Detected change in '/mnt/sdb1/repositories/Portfolio-website/backend/user/external_apis/music_downloader/music_download_link.py', reloading
2024-07-11 05:38:28,021 - INFO -  * Restarting with stat
2024-07-11 05:38:30,983 - WARNING -  * Debugger is active!
2024-07-11 05:38:30,987 - INFO -  * Debugger PIN: 395-314-336
2024-07-11 05:38:47,835 - INFO - [31m[1mWARNING: This is a development server. Do not use it in a production deployment. Use a production WSGI server instead.[0m
 * Running on http://localhost:5000
2024-07-11 05:38:47,835 - INFO - [33mPress CTRL+C to quit[0m
2024-07-11 05:38:47,836 - INFO -  * Restarting with stat
2024-07-11 05:38:48,831 - WARNING -  * Debugger is active!
2024-07-11 05:38:48,832 - INFO -  * Debugger PIN: 395-314-336
2024-07-11 05:39:09,767 - INFO - Music link for query 'Halo Beyonce': https://www.youtube.com/watch?v=bnVUHWCynig
2024-07-11 05:39:20,003 - INFO - 127.0.0.1 - - [11/Jul/2024 05:39:20] "[35m[1mPOST /api/v1/user/music/download HTTP/1.1[0m" 500 -
2024-07-11 05:42:42,309 - INFO -  * Detected change in '/mnt/sdb1/repositories/Portfolio-website/backend/user/external_apis/music_downloader/music_download_link.py', reloading
2024-07-11 05:42:44,105 - INFO -  * Restarting with stat
2024-07-11 05:43:31,881 - INFO - [31m[1mWARNING: This is a development server. Do not use it in a production deployment. Use a production WSGI server instead.[0m
 * Running on http://localhost:5000
2024-07-11 05:43:31,881 - INFO - [33mPress CTRL+C to quit[0m
2024-07-11 05:43:31,882 - INFO -  * Restarting with stat
2024-07-11 05:43:32,921 - WARNING -  * Debugger is active!
2024-07-11 05:43:32,921 - INFO -  * Debugger PIN: 395-314-336
2024-07-11 05:43:38,575 - INFO - Music link for query 'Halo Beyonce': https://www.youtube.com/watch?v=bnVUHWCynig
2024-07-11 05:43:48,855 - INFO - 127.0.0.1 - - [11/Jul/2024 05:43:48] "[35m[1mPOST /api/v1/user/music/download HTTP/1.1[0m" 500 -
2024-07-11 05:44:07,476 - INFO - [31m[1mWARNING: This is a development server. Do not use it in a production deployment. Use a production WSGI server instead.[0m
 * Running on http://localhost:5000
2024-07-11 05:44:07,477 - INFO - [33mPress CTRL+C to quit[0m
2024-07-11 05:44:07,478 - INFO -  * Restarting with stat
2024-07-11 05:44:08,418 - WARNING -  * Debugger is active!
2024-07-11 05:44:08,419 - INFO -  * Debugger PIN: 395-314-336
2024-07-11 05:44:10,836 - INFO - Music link for query 'Halo Beyonce': https://www.youtube.com/watch?v=bnVUHWCynig
2024-07-11 05:44:20,939 - INFO - 127.0.0.1 - - [11/Jul/2024 05:44:20] "[35m[1mPOST /api/v1/user/music/download HTTP/1.1[0m" 500 -
2024-07-11 05:47:18,756 - INFO - [31m[1mWARNING: This is a development server. Do not use it in a production deployment. Use a production WSGI server instead.[0m
 * Running on http://localhost:5000
2024-07-11 05:47:18,757 - INFO - [33mPress CTRL+C to quit[0m
2024-07-11 05:47:18,760 - INFO -  * Restarting with stat
2024-07-11 05:47:20,565 - WARNING -  * Debugger is active!
2024-07-11 05:47:20,565 - INFO -  * Debugger PIN: 395-314-336
2024-07-11 05:47:21,749 - INFO - Music link for query 'Halo Beyonce': https://www.youtube.com/watch?v=bnVUHWCynig
2024-07-11 05:47:29,179 - INFO - 127.0.0.1 - - [11/Jul/2024 05:47:29] "[35m[1mPOST /api/v1/user/music/download HTTP/1.1[0m" 500 -
2024-07-11 06:52:57,959 - INFO -  * Detected change in '/mnt/sdb1/repositories/Portfolio-website/backend/user/api/v1/views/recommendations_download.py', reloading
2024-07-11 06:52:58,864 - INFO -  * Restarting with stat
2024-07-11 06:53:05,621 - WARNING -  * Debugger is active!
2024-07-11 06:53:05,624 - INFO -  * Debugger PIN: 395-314-336
2024-07-11 06:53:49,513 - INFO - [31m[1mWARNING: This is a development server. Do not use it in a production deployment. Use a production WSGI server instead.[0m
 * Running on http://localhost:5000
2024-07-11 06:53:49,515 - INFO - [33mPress CTRL+C to quit[0m
2024-07-11 06:53:49,521 - INFO -  * Restarting with stat
2024-07-11 06:53:57,611 - WARNING -  * Debugger is active!
2024-07-11 06:53:57,613 - INFO -  * Debugger PIN: 395-314-336
2024-07-11 06:53:59,839 - INFO - Music link for query 'Halo Beyonce': https://www.youtube.com/watch?v=bnVUHWCynig
2024-07-11 06:56:00,497 - INFO - 127.0.0.1 - - [11/Jul/2024 06:56:00] "POST /api/v1/user/music/download HTTP/1.1" 200 -
2024-07-11 06:56:14,520 - INFO - Music link for query 'Halo Beyonce': https://www.youtube.com/watch?v=bnVUHWCynig
2024-07-11 06:58:12,374 - INFO - 127.0.0.1 - - [11/Jul/2024 06:58:12] "POST /api/v1/user/music/download HTTP/1.1" 200 -
